[35m[Appium][39m Welcome to Appium v1.22.3
[35m[Appium][39m Non-default server args:
[35m[Appium][39m   port: 50958
[35m[Appium][39m   loglevel: info
[35m[Appium][39m   tmpDir: C:\Users\Mazway\AppData\Local\Temp\\Katalon\Appium\Temp1670097553484
[35m[Appium][39m   chromedriverPort: 50959
[35m[Appium][39m Deprecated server args:
[35m[Appium][39m   [31m--chromedriver-port[39m => --default-capabilities
[35m[Appium][39m Default capabilities, which will be added to each request unless overridden by desired capabilities:
[35m[Appium][39m   chromedriverPort: 50959
[35m[Appium][39m Appium REST http interface listener started on 0.0.0.0:50958
[35m[HTTP][39m [37m-->[39m [37mGET[39m [37m/wd/hub/status[39m
[35m[HTTP][39m [90m{}[39m
[35m[HTTP][39m [37m<-- GET /wd/hub/status [39m[32m200[39m [90m58 ms - 68[39m
[35m[HTTP][39m [90m[39m
[35m[HTTP][39m [37m-->[39m [37mPOST[39m [37m/wd/hub/session[39m
[35m[HTTP][39m [90m{"desiredCapabilities":{"app":"C:\\Users\\Mazway\\Documents\\QA Engineer\\Katalon Sample Project\\HDS-Mobile-Automate\\Mobile App\\HDS.apk","noReset":true,"deviceName":"emulator-5554 (Android SDK built for x86 - Android 10)","fullReset":false,"platform":"ANDROID","newCommandTimeout":1800,"platformVersion":"10","automationName":"uiautomator2","autoGrantPermissions":true,"platformName":"Android","udid":"emulator-5554","systemPort":50957},"capabilities":{"firstMatch":[{"appium:app":"C:\\Users\\Mazway\\Documents\\QA Engineer\\Katalon Sample Project\\HDS-Mobile-Automate\\Mobile App\\HDS.apk","appium:autoGrantPermissions":true,"appium:automationName":"uiautomator2","appium:deviceName":"emulator-5554 (Android SDK built for x86 - Android 10)","appium:fullReset":false,"appium:newCommandTimeout":1800,"appium:noReset":true,"platform":"ANDROID","platformName":"android","appium:platformVersion":"10","appium:systemPort":50957,"appium:udid":"emulator-5554"}]}}[39m
[35m[BaseDriver][39m The following capabilities are not standard capabilities and should have an extension prefix:
[35m[BaseDriver][39m   platform
[35m[BaseDriver][39m   chromedriverPort
[35m[Appium][39m Appium v1.22.3 creating new AndroidUiautomator2Driver (v1.70.1) session
[35m[BaseDriver][39m The following capabilities were provided, but are not recognized by Appium:
[35m[BaseDriver][39m   platform
[35m[BaseDriver][39m Session created with session id: 266afee6-fb98-4f13-806a-6892e1fe6183
[35m[BaseDriver][39m Using local app 'C:\Users\Mazway\Documents\QA Engineer\Katalon Sample Project\HDS-Mobile-Automate\Mobile App\HDS.apk'
[35m[ADB][39m Found 3 'build-tools' folders under 'C:\Users\Mazway\AppData\Local\Android\Sdk' (newest first):
[35m[ADB][39m     C:/Users/Mazway/AppData/Local/Android/Sdk/build-tools/33.0.1
[35m[ADB][39m     C:/Users/Mazway/AppData/Local/Android/Sdk/build-tools/33.0.0
[35m[ADB][39m     C:/Users/Mazway/AppData/Local/Android/Sdk/build-tools/30.0.3
[35m[ADB][39m Using 'adb.exe' from 'C:\Users\Mazway\AppData\Local\Android\Sdk\platform-tools\adb.exe'
[35m[AndroidDriver][39m Retrieving device list
[35m[AndroidDriver][39m Using device: emulator-5554
[35m[ADB][39m Using 'adb.exe' from 'C:\Users\Mazway\AppData\Local\Android\Sdk\platform-tools\adb.exe'
[35m[ADB][39m Getting device platform version
[35m[UiAutomator2][39m Relaxing hidden api policy
[35m[ADB][39m Package name: 'com.ecwid.ShopAt.HappyDayShopping'
[35m[ADB][39m Main activity name: 'com.pb.MainActivity'
[35m[ADB][39m Using 'apksigner.jar' from 'C:\Users\Mazway\AppData\Local\Android\Sdk\build-tools\33.0.1\lib\apksigner.jar'
[35m[ADB][39m 'C:\Users\Mazway\AppData\Roaming\npm\node_modules\appium\node_modules\appium-uiautomator2-server\apks\appium-uiautomator2-server-v4.27.0.apk' is signed with the default certificate
[35m[ADB][39m 'C:\Users\Mazway\AppData\Roaming\npm\node_modules\appium\node_modules\appium-uiautomator2-server\apks\appium-uiautomator2-server-debug-androidTest.apk' is signed with the default certificate
[35m[UiAutomator2][39m Server packages are not going to be (re)installed
[35m[ADB][39m Adding packages ["io.appium.settings","io.appium.uiautomator2.server","io.appium.uiautomator2.server.test"] to Doze whitelist
[35m[ADB][39m 'C:\Users\Mazway\Documents\QA Engineer\Katalon Sample Project\HDS-Mobile-Automate\Mobile App\HDS.apk' is signed with a non-default certificate
[35m[UiAutomator2][39m Starting UIAutomator2 server 4.27.0
[35m[UiAutomator2][39m Using UIAutomator2 server from 'C:\Users\Mazway\AppData\Roaming\npm\node_modules\appium\node_modules\appium-uiautomator2-server\apks\appium-uiautomator2-server-v4.27.0.apk' and test from 'C:\Users\Mazway\AppData\Roaming\npm\node_modules\appium\node_modules\appium-uiautomator2-server\apks\appium-uiautomator2-server-debug-androidTest.apk'
[35m[UiAutomator2][39m Waiting up to 30000ms for UiAutomator2 to be online...
[35m[WD Proxy][39m socket hang up
[35m[WD Proxy][39m socket hang up
[35m[WD Proxy][39m Determined the downstream protocol as 'W3C'
[35m[AndroidDriver][39m Screen already unlocked, doing nothing
[35m[UiAutomator2][39m Starting 'com.ecwid.ShopAt.HappyDayShopping/com.pb.MainActivity and waiting for 'com.ecwid.ShopAt.HappyDayShopping/com.pb.MainActivity'
[35m[Appium][39m New AndroidUiautomator2Driver session created successfully, session 266afee6-fb98-4f13-806a-6892e1fe6183 added to master session list
[35m[HTTP][39m [37m<-- POST /wd/hub/session [39m[32m200[39m [90m7539 ms - 1432[39m
[35m[HTTP][39m [90m[39m
[35m[HTTP][39m [37m-->[39m [37mGET[39m [37m/wd/hub/session/266afee6-fb98-4f13-806a-6892e1fe6183[39m
[35m[HTTP][39m [90m{}[39m
[35m[HTTP][39m [37m<-- GET /wd/hub/session/266afee6-fb98-4f13-806a-6892e1fe6183 [39m[32m200[39m [90m10 ms - 1386[39m
[35m[HTTP][39m [90m[39m
[35m[HTTP][39m [37m-->[39m [37mGET[39m [37m/wd/hub/session/266afee6-fb98-4f13-806a-6892e1fe6183[39m
[35m[HTTP][39m [90m{}[39m
[35m[HTTP][39m [37m<-- GET /wd/hub/session/266afee6-fb98-4f13-806a-6892e1fe6183 [39m[32m200[39m [90m8 ms - 1386[39m
[35m[HTTP][39m [90m[39m
[35m[HTTP][39m [37m-->[39m [37mGET[39m [37m/wd/hub/status[39m
[35m[HTTP][39m [90m{}[39m
[35m[HTTP][39m [37m<-- GET /wd/hub/status [39m[32m200[39m [90m1 ms - 68[39m
[35m[HTTP][39m [90m[39m
[35m[HTTP][39m [37m-->[39m [37mPOST[39m [37m/wd/hub/session/266afee6-fb98-4f13-806a-6892e1fe6183/timeouts[39m
[35m[HTTP][39m [90m{"implicit":30000}[39m
[35m[HTTP][39m [37m<-- POST /wd/hub/session/266afee6-fb98-4f13-806a-6892e1fe6183/timeouts [39m[32m200[39m [90m3 ms - 14[39m
[35m[HTTP][39m [90m[39m
[35m[HTTP][39m [37m-->[39m [37mGET[39m [37m/wd/hub/session/266afee6-fb98-4f13-806a-6892e1fe6183/screenshot[39m
[35m[HTTP][39m [90m{}[39m
[35m[HTTP][39m [37m<-- GET /wd/hub/session/266afee6-fb98-4f13-806a-6892e1fe6183/screenshot [39m[32m200[39m [90m451 ms - 269482[39m
[35m[HTTP][39m [90m[39m
[35m[HTTP][39m [37m-->[39m [37mGET[39m [37m/wd/hub/session/266afee6-fb98-4f13-806a-6892e1fe6183/window/rect[39m
[35m[HTTP][39m [90m{}[39m
[35m[HTTP][39m [37m<-- GET /wd/hub/session/266afee6-fb98-4f13-806a-6892e1fe6183/window/rect [39m[32m200[39m [90m22 ms - 50[39m
[35m[HTTP][39m [90m[39m
[35m[HTTP][39m [37m-->[39m [37mGET[39m [37m/wd/hub/session/266afee6-fb98-4f13-806a-6892e1fe6183/appium/device/system_bars[39m
[35m[HTTP][39m [90m{}[39m
[35m[HTTP][39m [37m<-- GET /wd/hub/session/266afee6-fb98-4f13-806a-6892e1fe6183/appium/device/system_bars [39m[32m200[39m [90m94 ms - 148[39m
[35m[HTTP][39m [90m[39m
[35m[HTTP][39m [37m-->[39m [37mPOST[39m [37m/wd/hub/session/266afee6-fb98-4f13-806a-6892e1fe6183/timeouts[39m
[35m[HTTP][39m [90m{"implicit":50}[39m
[35m[HTTP][39m [37m<-- POST /wd/hub/session/266afee6-fb98-4f13-806a-6892e1fe6183/timeouts [39m[32m200[39m [90m3 ms - 14[39m
[35m[HTTP][39m [90m[39m
[35m[HTTP][39m [37m-->[39m [37mGET[39m [37m/wd/hub/session/266afee6-fb98-4f13-806a-6892e1fe6183/window/rect[39m
[35m[HTTP][39m [90m{}[39m
[35m[HTTP][39m [37m<-- GET /wd/hub/session/266afee6-fb98-4f13-806a-6892e1fe6183/window/rect [39m[32m200[39m [90m14 ms - 50[39m
[35m[HTTP][39m [90m[39m
[35m[HTTP][39m [37m-->[39m [37mPOST[39m [37m/wd/hub/session/266afee6-fb98-4f13-806a-6892e1fe6183/elements[39m
[35m[HTTP][39m [90m{"using":"xpath","value":"//*[@class = 'android.widget.TextView' and (@text = 'Flash Sale' or . = 'Flash Sale')]"}[39m
[35m[HTTP][39m [37m<-- POST /wd/hub/session/266afee6-fb98-4f13-806a-6892e1fe6183/elements [39m[32m200[39m [90m711 ms - 139[39m
[35m[HTTP][39m [90m[39m
[35m[HTTP][39m [37m-->[39m [37mGET[39m [37m/wd/hub/session/266afee6-fb98-4f13-806a-6892e1fe6183/element/00000000-0000-022e-ffff-ffff0000009c/location[39m
[35m[HTTP][39m [90m{}[39m
[35m[W3C (266afee6)][39m Driver proxy active, passing request on via HTTP proxy
[35m[WD Proxy][39m Replacing sessionId 9e8a3beb-870e-425a-a906-8b4208207c0c with 266afee6-fb98-4f13-806a-6892e1fe6183
[35m[HTTP][39m [37m<-- GET /wd/hub/session/266afee6-fb98-4f13-806a-6892e1fe6183/element/00000000-0000-022e-ffff-ffff0000009c/location [39m[32m200[39m [90m22 ms - 79[39m
[35m[HTTP][39m [90m[39m
[35m[HTTP][39m [37m-->[39m [37mPOST[39m [37m/wd/hub/session/266afee6-fb98-4f13-806a-6892e1fe6183/timeouts[39m
[35m[HTTP][39m [90m{"implicit":30000}[39m
[35m[HTTP][39m [37m<-- POST /wd/hub/session/266afee6-fb98-4f13-806a-6892e1fe6183/timeouts [39m[32m200[39m [90m1 ms - 14[39m
[35m[HTTP][39m [90m[39m
[35m[HTTP][39m [37m-->[39m [37mPOST[39m [37m/wd/hub/session/266afee6-fb98-4f13-806a-6892e1fe6183/element/00000000-0000-022e-ffff-ffff0000009c/click[39m
[35m[HTTP][39m [90m{"id":"00000000-0000-022e-ffff-ffff0000009c"}[39m
[35m[HTTP][39m [37m<-- POST /wd/hub/session/266afee6-fb98-4f13-806a-6892e1fe6183/element/00000000-0000-022e-ffff-ffff0000009c/click [39m[32m200[39m [90m53 ms - 14[39m
[35m[HTTP][39m [90m[39m
[35m[HTTP][39m [37m-->[39m [37mPOST[39m [37m/wd/hub/session/266afee6-fb98-4f13-806a-6892e1fe6183/timeouts[39m
[35m[HTTP][39m [90m{"implicit":50}[39m
[35m[HTTP][39m [37m<-- POST /wd/hub/session/266afee6-fb98-4f13-806a-6892e1fe6183/timeouts [39m[32m200[39m [90m1 ms - 14[39m
[35m[HTTP][39m [90m[39m
[35m[HTTP][39m [37m-->[39m [37mGET[39m [37m/wd/hub/session/266afee6-fb98-4f13-806a-6892e1fe6183/window/rect[39m
[35m[HTTP][39m [90m{}[39m
[35m[HTTP][39m [37m<-- GET /wd/hub/session/266afee6-fb98-4f13-806a-6892e1fe6183/window/rect [39m[32m200[39m [90m12 ms - 50[39m
[35m[HTTP][39m [90m[39m
[35m[HTTP][39m [37m-->[39m [37mPOST[39m [37m/wd/hub/session/266afee6-fb98-4f13-806a-6892e1fe6183/elements[39m
[35m[HTTP][39m [90m{"using":"xpath","value":"//*[@class = 'android.widget.TextView' and (@text = 'Lily Glutinous Rice 2kg + 2kg' or . = 'Lily Glutinous Rice 2kg + 2kg')]"}[39m
[35m[HTTP][39m [37m<-- POST /wd/hub/session/266afee6-fb98-4f13-806a-6892e1fe6183/elements [39m[32m200[39m [90m308 ms - 139[39m
[35m[HTTP][39m [90m[39m
[35m[HTTP][39m [37m-->[39m [37mGET[39m [37m/wd/hub/session/266afee6-fb98-4f13-806a-6892e1fe6183/element/00000000-0000-022e-ffff-ffff0000015f/location[39m
[35m[HTTP][39m [90m{}[39m
[35m[W3C (266afee6)][39m Driver proxy active, passing request on via HTTP proxy
[35m[WD Proxy][39m Replacing sessionId 9e8a3beb-870e-425a-a906-8b4208207c0c with 266afee6-fb98-4f13-806a-6892e1fe6183
[35m[HTTP][39m [37m<-- GET /wd/hub/session/266afee6-fb98-4f13-806a-6892e1fe6183/element/00000000-0000-022e-ffff-ffff0000015f/location [39m[32m200[39m [90m35 ms - 78[39m
[35m[HTTP][39m [90m[39m
[35m[HTTP][39m [37m-->[39m [37mPOST[39m [37m/wd/hub/session/266afee6-fb98-4f13-806a-6892e1fe6183/timeouts[39m
[35m[HTTP][39m [90m{"implicit":30000}[39m
[35m[HTTP][39m [37m<-- POST /wd/hub/session/266afee6-fb98-4f13-806a-6892e1fe6183/timeouts [39m[32m200[39m [90m1 ms - 14[39m
[35m[HTTP][39m [90m[39m
[35m[HTTP][39m [37m-->[39m [37mPOST[39m [37m/wd/hub/session/266afee6-fb98-4f13-806a-6892e1fe6183/element/00000000-0000-022e-ffff-ffff0000015f/click[39m
[35m[HTTP][39m [90m{"id":"00000000-0000-022e-ffff-ffff0000015f"}[39m
[35m[HTTP][39m [37m<-- POST /wd/hub/session/266afee6-fb98-4f13-806a-6892e1fe6183/element/00000000-0000-022e-ffff-ffff0000015f/click [39m[32m200[39m [90m38 ms - 14[39m
[35m[HTTP][39m [90m[39m
[35m[HTTP][39m [37m-->[39m [37mPOST[39m [37m/wd/hub/session/266afee6-fb98-4f13-806a-6892e1fe6183/timeouts[39m
[35m[HTTP][39m [90m{"implicit":50}[39m
[35m[HTTP][39m [37m<-- POST /wd/hub/session/266afee6-fb98-4f13-806a-6892e1fe6183/timeouts [39m[32m200[39m [90m1 ms - 14[39m
[35m[HTTP][39m [90m[39m
[35m[HTTP][39m [37m-->[39m [37mGET[39m [37m/wd/hub/session/266afee6-fb98-4f13-806a-6892e1fe6183/window/rect[39m
[35m[HTTP][39m [90m{}[39m
[35m[HTTP][39m [37m<-- GET /wd/hub/session/266afee6-fb98-4f13-806a-6892e1fe6183/window/rect [39m[32m200[39m [90m10 ms - 50[39m
[35m[HTTP][39m [90m[39m
[35m[HTTP][39m [37m-->[39m [37mPOST[39m [37m/wd/hub/session/266afee6-fb98-4f13-806a-6892e1fe6183/elements[39m
[35m[HTTP][39m [90m{"using":"xpath","value":"//*[@class = 'android.widget.TextView' and (@text = 'Add to Bag' or . = 'Add to Bag')]"}[39m
[35m[HTTP][39m [37m<-- POST /wd/hub/session/266afee6-fb98-4f13-806a-6892e1fe6183/elements [39m[32m200[39m [90m123 ms - 139[39m
[35m[HTTP][39m [90m[39m
[35m[HTTP][39m [37m-->[39m [37mGET[39m [37m/wd/hub/session/266afee6-fb98-4f13-806a-6892e1fe6183/element/00000000-0000-022e-ffff-ffff0000019a/location[39m
[35m[HTTP][39m [90m{}[39m
[35m[W3C (266afee6)][39m Driver proxy active, passing request on via HTTP proxy
[35m[WD Proxy][39m Replacing sessionId 9e8a3beb-870e-425a-a906-8b4208207c0c with 266afee6-fb98-4f13-806a-6892e1fe6183
[35m[HTTP][39m [37m<-- GET /wd/hub/session/266afee6-fb98-4f13-806a-6892e1fe6183/element/00000000-0000-022e-ffff-ffff0000019a/location [39m[32m200[39m [90m20 ms - 78[39m
[35m[HTTP][39m [90m[39m
[35m[HTTP][39m [37m-->[39m [37mPOST[39m [37m/wd/hub/session/266afee6-fb98-4f13-806a-6892e1fe6183/timeouts[39m
[35m[HTTP][39m [90m{"implicit":30000}[39m
[35m[HTTP][39m [37m<-- POST /wd/hub/session/266afee6-fb98-4f13-806a-6892e1fe6183/timeouts [39m[32m200[39m [90m1 ms - 14[39m
[35m[HTTP][39m [90m[39m
[35m[HTTP][39m [37m-->[39m [37mPOST[39m [37m/wd/hub/session/266afee6-fb98-4f13-806a-6892e1fe6183/element/00000000-0000-022e-ffff-ffff0000019a/click[39m
[35m[HTTP][39m [90m{"id":"00000000-0000-022e-ffff-ffff0000019a"}[39m
[35m[HTTP][39m [37m<-- POST /wd/hub/session/266afee6-fb98-4f13-806a-6892e1fe6183/element/00000000-0000-022e-ffff-ffff0000019a/click [39m[32m200[39m [90m39 ms - 14[39m
[35m[HTTP][39m [90m[39m
[35m[HTTP][39m [37m-->[39m [37mPOST[39m [37m/wd/hub/session/266afee6-fb98-4f13-806a-6892e1fe6183/timeouts[39m
[35m[HTTP][39m [90m{"implicit":50}[39m
[35m[HTTP][39m [37m<-- POST /wd/hub/session/266afee6-fb98-4f13-806a-6892e1fe6183/timeouts [39m[32m200[39m [90m1 ms - 14[39m
[35m[HTTP][39m [90m[39m
[35m[HTTP][39m [37m-->[39m [37mGET[39m [37m/wd/hub/session/266afee6-fb98-4f13-806a-6892e1fe6183/window/rect[39m
[35m[HTTP][39m [90m{}[39m
[35m[HTTP][39m [37m<-- GET /wd/hub/session/266afee6-fb98-4f13-806a-6892e1fe6183/window/rect [39m[32m200[39m [90m10 ms - 50[39m
[35m[HTTP][39m [90m[39m
[35m[HTTP][39m [37m-->[39m [37mPOST[39m [37m/wd/hub/session/266afee6-fb98-4f13-806a-6892e1fe6183/elements[39m
[35m[HTTP][39m [90m{"using":"xpath","value":"//*[@class = 'android.widget.TextView' and (@text = 'Your Bag' or . = 'Your Bag')]"}[39m
[35m[HTTP][39m [37m<-- POST /wd/hub/session/266afee6-fb98-4f13-806a-6892e1fe6183/elements [39m[32m200[39m [90m114 ms - 139[39m
[35m[HTTP][39m [90m[39m
[35m[HTTP][39m [37m-->[39m [37mGET[39m [37m/wd/hub/session/266afee6-fb98-4f13-806a-6892e1fe6183/element/00000000-0000-022e-ffff-ffff0000006b/location[39m
[35m[HTTP][39m [90m{}[39m
[35m[W3C (266afee6)][39m Driver proxy active, passing request on via HTTP proxy
[35m[WD Proxy][39m Replacing sessionId 9e8a3beb-870e-425a-a906-8b4208207c0c with 266afee6-fb98-4f13-806a-6892e1fe6183
[35m[HTTP][39m [37m<-- GET /wd/hub/session/266afee6-fb98-4f13-806a-6892e1fe6183/element/00000000-0000-022e-ffff-ffff0000006b/location [39m[32m200[39m [90m22 ms - 79[39m
[35m[HTTP][39m [90m[39m
[35m[HTTP][39m [37m-->[39m [37mPOST[39m [37m/wd/hub/session/266afee6-fb98-4f13-806a-6892e1fe6183/timeouts[39m
[35m[HTTP][39m [90m{"implicit":30000}[39m
[35m[HTTP][39m [37m<-- POST /wd/hub/session/266afee6-fb98-4f13-806a-6892e1fe6183/timeouts [39m[32m200[39m [90m1 ms - 14[39m
[35m[HTTP][39m [90m[39m
[35m[HTTP][39m [37m-->[39m [37mPOST[39m [37m/wd/hub/session/266afee6-fb98-4f13-806a-6892e1fe6183/element/00000000-0000-022e-ffff-ffff0000006b/click[39m
[35m[HTTP][39m [90m{"id":"00000000-0000-022e-ffff-ffff0000006b"}[39m
[35m[HTTP][39m [37m<-- POST /wd/hub/session/266afee6-fb98-4f13-806a-6892e1fe6183/element/00000000-0000-022e-ffff-ffff0000006b/click [39m[32m200[39m [90m40 ms - 14[39m
[35m[HTTP][39m [90m[39m
[35m[HTTP][39m [37m-->[39m [37mPOST[39m [37m/wd/hub/session/266afee6-fb98-4f13-806a-6892e1fe6183/timeouts[39m
[35m[HTTP][39m [90m{"implicit":50}[39m
[35m[HTTP][39m [37m<-- POST /wd/hub/session/266afee6-fb98-4f13-806a-6892e1fe6183/timeouts [39m[32m200[39m [90m1 ms - 14[39m
[35m[HTTP][39m [90m[39m
[35m[HTTP][39m [37m-->[39m [37mGET[39m [37m/wd/hub/session/266afee6-fb98-4f13-806a-6892e1fe6183/window/rect[39m
[35m[HTTP][39m [90m{}[39m
[35m[HTTP][39m [37m<-- GET /wd/hub/session/266afee6-fb98-4f13-806a-6892e1fe6183/window/rect [39m[32m200[39m [90m7 ms - 50[39m
[35m[HTTP][39m [90m[39m
[35m[HTTP][39m [37m-->[39m [37mPOST[39m [37m/wd/hub/session/266afee6-fb98-4f13-806a-6892e1fe6183/elements[39m
[35m[HTTP][39m [90m{"using":"xpath","value":"//*[@class = 'android.widget.TextView' and (@text = 'Checkout' or . = 'Checkout')]"}[39m
[35m[HTTP][39m [37m<-- POST /wd/hub/session/266afee6-fb98-4f13-806a-6892e1fe6183/elements [39m[32m200[39m [90m90 ms - 139[39m
[35m[HTTP][39m [90m[39m
[35m[HTTP][39m [37m-->[39m [37mGET[39m [37m/wd/hub/session/266afee6-fb98-4f13-806a-6892e1fe6183/element/00000000-0000-022e-ffff-ffff000001b2/location[39m
[35m[HTTP][39m [90m{}[39m
[35m[W3C (266afee6)][39m Driver proxy active, passing request on via HTTP proxy
[35m[WD Proxy][39m Replacing sessionId 9e8a3beb-870e-425a-a906-8b4208207c0c with 266afee6-fb98-4f13-806a-6892e1fe6183
[35m[HTTP][39m [37m<-- GET /wd/hub/session/266afee6-fb98-4f13-806a-6892e1fe6183/element/00000000-0000-022e-ffff-ffff000001b2/location [39m[32m200[39m [90m11 ms - 78[39m
[35m[HTTP][39m [90m[39m
[35m[HTTP][39m [37m-->[39m [37mPOST[39m [37m/wd/hub/session/266afee6-fb98-4f13-806a-6892e1fe6183/timeouts[39m
[35m[HTTP][39m [90m{"implicit":30000}[39m
[35m[HTTP][39m [37m<-- POST /wd/hub/session/266afee6-fb98-4f13-806a-6892e1fe6183/timeouts [39m[32m200[39m [90m1 ms - 14[39m
[35m[HTTP][39m [90m[39m
[35m[HTTP][39m [37m-->[39m [37mPOST[39m [37m/wd/hub/session/266afee6-fb98-4f13-806a-6892e1fe6183/element/00000000-0000-022e-ffff-ffff000001b2/click[39m
[35m[HTTP][39m [90m{"id":"00000000-0000-022e-ffff-ffff000001b2"}[39m
[35m[HTTP][39m [37m<-- POST /wd/hub/session/266afee6-fb98-4f13-806a-6892e1fe6183/element/00000000-0000-022e-ffff-ffff000001b2/click [39m[32m200[39m [90m35 ms - 14[39m
[35m[HTTP][39m [90m[39m
[35m[HTTP][39m [37m-->[39m [37mPOST[39m [37m/wd/hub/session/266afee6-fb98-4f13-806a-6892e1fe6183/timeouts[39m
[35m[HTTP][39m [90m{"implicit":50}[39m
[35m[HTTP][39m [37m<-- POST /wd/hub/session/266afee6-fb98-4f13-806a-6892e1fe6183/timeouts [39m[32m200[39m [90m1 ms - 14[39m
[35m[HTTP][39m [90m[39m
[35m[HTTP][39m [37m-->[39m [37mGET[39m [37m/wd/hub/session/266afee6-fb98-4f13-806a-6892e1fe6183/window/rect[39m
[35m[HTTP][39m [90m{}[39m
[35m[HTTP][39m [37m<-- GET /wd/hub/session/266afee6-fb98-4f13-806a-6892e1fe6183/window/rect [39m[32m200[39m [90m10 ms - 50[39m
[35m[HTTP][39m [90m[39m
[35m[HTTP][39m [37m-->[39m [37mPOST[39m [37m/wd/hub/session/266afee6-fb98-4f13-806a-6892e1fe6183/elements[39m
[35m[HTTP][39m [90m{"using":"xpath","value":"//*[@class = 'android.view.View' and (@text = 'Shopping cart' or . = 'Shopping cart')]"}[39m
[35m[HTTP][39m [37m<-- POST /wd/hub/session/266afee6-fb98-4f13-806a-6892e1fe6183/elements [39m[32m200[39m [90m739 ms - 12[39m
[35m[HTTP][39m [90m[39m
[35m[HTTP][39m [37m-->[39m [37mPOST[39m [37m/wd/hub/session/266afee6-fb98-4f13-806a-6892e1fe6183/elements[39m
[35m[HTTP][39m [90m{"using":"xpath","value":"//*[@class = 'android.view.View' and (@text = 'Shopping cart' or . = 'Shopping cart')]"}[39m
[35m[HTTP][39m [37m<-- POST /wd/hub/session/266afee6-fb98-4f13-806a-6892e1fe6183/elements [39m[32m200[39m [90m949 ms - 267[39m
[35m[HTTP][39m [90m[39m
[35m[HTTP][39m [37m-->[39m [37mGET[39m [37m/wd/hub/session/266afee6-fb98-4f13-806a-6892e1fe6183/element/00000000-0000-0230-0000-004b00000035/location[39m
[35m[HTTP][39m [90m{}[39m
[35m[W3C (266afee6)][39m Driver proxy active, passing request on via HTTP proxy
[35m[WD Proxy][39m Replacing sessionId 9e8a3beb-870e-425a-a906-8b4208207c0c with 266afee6-fb98-4f13-806a-6892e1fe6183
[35m[HTTP][39m [37m<-- GET /wd/hub/session/266afee6-fb98-4f13-806a-6892e1fe6183/element/00000000-0000-0230-0000-004b00000035/location [39m[32m200[39m [90m19 ms - 77[39m
[35m[HTTP][39m [90m[39m
[35m[HTTP][39m [37m-->[39m [37mPOST[39m [37m/wd/hub/session/266afee6-fb98-4f13-806a-6892e1fe6183/timeouts[39m
[35m[HTTP][39m [90m{"implicit":30000}[39m
[35m[HTTP][39m [37m<-- POST /wd/hub/session/266afee6-fb98-4f13-806a-6892e1fe6183/timeouts [39m[32m200[39m [90m1 ms - 14[39m
[35m[HTTP][39m [90m[39m
[35m[HTTP][39m [37m-->[39m [37mGET[39m [37m/wd/hub/session/266afee6-fb98-4f13-806a-6892e1fe6183/element/00000000-0000-0230-0000-004b00000035/text[39m
[35m[HTTP][39m [90m{}[39m
[35m[W3C (266afee6)][39m Driver proxy active, passing request on via HTTP proxy
[35m[WD Proxy][39m Replacing sessionId 9e8a3beb-870e-425a-a906-8b4208207c0c with 266afee6-fb98-4f13-806a-6892e1fe6183
[35m[HTTP][39m [37m<-- GET /wd/hub/session/266afee6-fb98-4f13-806a-6892e1fe6183/element/00000000-0000-0230-0000-004b00000035/text [39m[32m200[39m [90m12 ms - 76[39m
[35m[HTTP][39m [90m[39m
[35m[HTTP][39m [37m-->[39m [37mDELETE[39m [37m/wd/hub/session/266afee6-fb98-4f13-806a-6892e1fe6183[39m
[35m[HTTP][39m [90m{}[39m
[35m[Appium][39m Removing session 266afee6-fb98-4f13-806a-6892e1fe6183 from our master session list
[35m[UiAutomator2][39m Restoring hidden api policy to the device default configuration
[35m[HTTP][39m [37m<-- DELETE /wd/hub/session/266afee6-fb98-4f13-806a-6892e1fe6183 [39m[32m200[39m [90m190 ms - 14[39m
[35m[HTTP][39m [90m[39m
